[debug] [2018-02-17T20:51:37.830Z] ----------------------------------------------------------------------
[debug] [2018-02-17T20:51:37.832Z] Command:       /home/himanoa/.ndenv/versions/v9.2.0/bin/node /home/himanoa/.ndenv/versions/v9.2.0/bin/firebase serve --only functions
[debug] [2018-02-17T20:51:37.832Z] CLI Version:   3.17.4
[debug] [2018-02-17T20:51:37.832Z] Platform:      linux
[debug] [2018-02-17T20:51:37.832Z] Node Version:  v9.2.0
[debug] [2018-02-17T20:51:37.832Z] Time:          Sun Feb 18 2018 05:51:37 GMT+0900 (JST)
[debug] [2018-02-17T20:51:37.832Z] ----------------------------------------------------------------------
[debug] 
[debug] [2018-02-17T20:51:37.840Z] > command requires scopes: ["email","openid","https://www.googleapis.com/auth/cloudplatformprojects.readonly","https://www.googleapis.com/auth/firebase","https://www.googleapis.com/auth/cloud-platform"]
[debug] [2018-02-17T20:51:37.840Z] > authorizing via signed-in user
[debug] [2018-02-17T20:51:37.842Z] >>> HTTP REQUEST GET https://admin.firebase.com/v1/projects/shimar-in  
  
 Sun Feb 18 2018 05:51:37 GMT+0900 (JST)
[debug] [2018-02-17T20:51:38.986Z] <<< HTTP RESPONSE 200
[debug] [2018-02-17T20:51:38.989Z] >>> HTTP REQUEST GET https://admin.firebase.com/v1/database/shimar-in/tokens  
  
 Sun Feb 18 2018 05:51:38 GMT+0900 (JST)
[debug] [2018-02-17T20:51:40.098Z] <<< HTTP RESPONSE 200
[info] 
[info] === Serving from '/home/himanoa/src/github.com/himanoa/simarin'...
[info] 
[info] i  functions: Preparing to emulate functions.
[debug] [2018-02-17T20:51:40.269Z] Fetching environment
[debug] [2018-02-17T20:51:40.270Z] >>> HTTP REQUEST GET https://appengine.googleapis.com/v1/apps/shimar-in  
  
 Sun Feb 18 2018 05:51:40 GMT+0900 (JST)
[debug] [2018-02-17T20:51:40.270Z] >>> HTTP REQUEST GET https://apikeys.googleapis.com/v1/projects/shimar-in/apiKeys  
  
 Sun Feb 18 2018 05:51:40 GMT+0900 (JST)
[debug] [2018-02-17T20:51:41.328Z] <<< HTTP RESPONSE 200
[debug] [2018-02-17T20:51:41.410Z] <<< HTTP RESPONSE 200
[debug] [2018-02-17T20:51:41.411Z] Starting @google-cloud/functions-emulator
[debug] [2018-02-17T20:51:42.445Z] Parsing function triggers
[info] ✔  functions: shimarin: http://localhost:5000/shimar-in/us-central1/shimarin
